  Database.cpp
C:\Users\DILSHOD\Desktop\рпс РЖ\3-лаб РЖ\rps33\rps33\Database.h(1,1): warning C4828: Файл содержит символ, начинающийся со смещения 0xa2, который является недопустимым в текущей исходной кодировке (кодовая страница 65001).
  (компиляция исходного файла "Database.cpp")
  
C:\Users\DILSHOD\Desktop\рпс РЖ\3-лаб РЖ\rps33\rps33\Database.h(1,1): warning C4828: Файл содержит символ, начинающийся со смещения 0xa4, который является недопустимым в текущей исходной кодировке (кодовая страница 65001).
  (компиляция исходного файла "Database.cpp")
  
C:\Users\DILSHOD\Desktop\рпс РЖ\3-лаб РЖ\rps33\rps33\Database.h(1,1): warning C4828: Файл содержит символ, начинающийся со смещения 0xa7, который является недопустимым в текущей исходной кодировке (кодовая страница 65001).
  (компиляция исходного файла "Database.cpp")
  
C:\Users\DILSHOD\Desktop\рпс РЖ\3-лаб РЖ\rps33\rps33\Database.h(1,1): warning C4828: Файл содержит символ, начинающийся со смещения 0xab, который является недопустимым в текущей исходной кодировке (кодовая страница 65001).
  (компиляция исходного файла "Database.cpp")
  
C:\Users\DILSHOD\Desktop\рпс РЖ\3-лаб РЖ\rps33\rps33\Database.h(1,1): warning C4828: Файл содержит символ, начинающийся со смещения 0x104, который является недопустимым в текущей исходной кодировке (кодовая страница 65001).
  (компиляция исходного файла "Database.cpp")
  
C:\Users\DILSHOD\Desktop\рпс РЖ\3-лаб РЖ\rps33\rps33\Database.h(1,1): warning C4828: Файл содержит символ, начинающийся со смещения 0x106, который является недопустимым в текущей исходной кодировке (кодовая страница 65001).
  (компиляция исходного файла "Database.cpp")
  
C:\Users\DILSHOD\Desktop\рпс РЖ\3-лаб РЖ\rps33\rps33\Database.h(1,1): warning C4828: Файл содержит символ, начинающийся со смещения 0x109, который является недопустимым в текущей исходной кодировке (кодовая страница 65001).
  (компиляция исходного файла "Database.cpp")
  
C:\Users\DILSHOD\Desktop\рпс РЖ\3-лаб РЖ\rps33\rps33\Database.h(1,1): warning C4828: Файл содержит символ, начинающийся со смещения 0x10a, который является недопустимым в текущей исходной кодировке (кодовая страница 65001).
  (компиляция исходного файла "Database.cpp")
  
C:\Users\DILSHOD\Desktop\рпс РЖ\3-лаб РЖ\rps33\rps33\Database.h(1,1): warning C4828: Файл содержит символ, начинающийся со смещения 0x10e, который является недопустимым в текущей исходной кодировке (кодовая страница 65001).
  (компиляция исходного файла "Database.cpp")
  
C:\Users\DILSHOD\Desktop\рпс РЖ\3-лаб РЖ\rps33\rps33\Database.h(1,1): warning C4828: Файл содержит символ, начинающийся со смещения 0x112, который является недопустимым в текущей исходной кодировке (кодовая страница 65001).
  (компиляция исходного файла "Database.cpp")
  
C:\Users\DILSHOD\Desktop\рпс РЖ\3-лаб РЖ\rps33\rps33\Database.h(1,1): warning C4828: Файл содержит символ, начинающийся со смещения 0x113, который является недопустимым в текущей исходной кодировке (кодовая страница 65001).
  (компиляция исходного файла "Database.cpp")
  
C:\Users\DILSHOD\Desktop\рпс РЖ\3-лаб РЖ\rps33\rps33\Database.h(1,1): warning C4828: Файл содержит символ, начинающийся со смещения 0x15e, который является недопустимым в текущей исходной кодировке (кодовая страница 65001).
  (компиляция исходного файла "Database.cpp")
  
C:\Users\DILSHOD\Desktop\рпс РЖ\3-лаб РЖ\rps33\rps33\Database.h(1,1): warning C4828: Файл содержит символ, начинающийся со смещения 0x160, который является недопустимым в текущей исходной кодировке (кодовая страница 65001).
  (компиляция исходного файла "Database.cpp")
  
C:\Users\DILSHOD\Desktop\рпс РЖ\3-лаб РЖ\rps33\rps33\Database.h(1,1): warning C4828: Файл содержит символ, начинающийся со смещения 0x163, который является недопустимым в текущей исходной кодировке (кодовая страница 65001).
  (компиляция исходного файла "Database.cpp")
  
C:\Users\DILSHOD\Desktop\рпс РЖ\3-лаб РЖ\rps33\rps33\Database.h(1,1): warning C4828: Файл содержит символ, начинающийся со смещения 0x167, который является недопустимым в текущей исходной кодировке (кодовая страница 65001).
  (компиляция исходного файла "Database.cpp")
  
C:\Users\DILSHOD\Desktop\рпс РЖ\3-лаб РЖ\rps33\rps33\Database.h(1,1): warning C4828: Файл содержит символ, начинающийся со смещения 0x16b, который является недопустимым в текущей исходной кодировке (кодовая страница 65001).
  (компиляция исходного файла "Database.cpp")
  
C:\Users\DILSHOD\Desktop\рпс РЖ\3-лаб РЖ\rps33\rps33\Database.h(1,1): warning C4828: Файл содержит символ, начинающийся со смещения 0x192, который является недопустимым в текущей исходной кодировке (кодовая страница 65001).
  (компиляция исходного файла "Database.cpp")
  
C:\Users\DILSHOD\Desktop\рпс РЖ\3-лаб РЖ\rps33\rps33\Database.h(1,1): warning C4828: Файл содержит символ, начинающийся со смещения 0x194, который является недопустимым в текущей исходной кодировке (кодовая страница 65001).
  (компиляция исходного файла "Database.cpp")
  
C:\Users\DILSHOD\Desktop\рпс РЖ\3-лаб РЖ\rps33\rps33\Database.h(1,1): warning C4828: Файл содержит символ, начинающийся со смещения 0x197, который является недопустимым в текущей исходной кодировке (кодовая страница 65001).
  (компиляция исходного файла "Database.cpp")
  
C:\Users\DILSHOD\Desktop\рпс РЖ\3-лаб РЖ\rps33\rps33\Database.h(1,1): warning C4828: Файл содержит символ, начинающийся со смещения 0x19b, который является недопустимым в текущей исходной кодировке (кодовая страница 65001).
  (компиляция исходного файла "Database.cpp")
  
C:\Users\DILSHOD\Desktop\рпс РЖ\3-лаб РЖ\rps33\rps33\Database.h(1,1): warning C4828: Файл содержит символ, начинающийся со смещения 0x19e, который является недопустимым в текущей исходной кодировке (кодовая страница 65001).
  (компиляция исходного файла "Database.cpp")
  
C:\Users\DILSHOD\Desktop\рпс РЖ\3-лаб РЖ\rps33\rps33\Database.h(1,1): warning C4828: Файл содержит символ, начинающийся со смещения 0x19f, который является недопустимым в текущей исходной кодировке (кодовая страница 65001).
  (компиляция исходного файла "Database.cpp")
  
C:\Users\DILSHOD\Desktop\рпс РЖ\3-лаб РЖ\rps33\rps33\Database.h(1,1): warning C4828: Файл содержит символ, начинающийся со смещения 0x1a2, который является недопустимым в текущей исходной кодировке (кодовая страница 65001).
  (компиляция исходного файла "Database.cpp")
  
C:\Users\DILSHOD\Desktop\рпс РЖ\3-лаб РЖ\rps33\rps33\Database.h(1,1): warning C4828: Файл содержит символ, начинающийся со смещения 0x1a5, который является недопустимым в текущей исходной кодировке (кодовая страница 65001).
  (компиляция исходного файла "Database.cpp")
  
C:\Users\DILSHOD\Desktop\рпс РЖ\3-лаб РЖ\rps33\rps33\Database.h(1,1): warning C4828: Файл содержит символ, начинающийся со смещения 0x1a8, который является недопустимым в текущей исходной кодировке (кодовая страница 65001).
  (компиляция исходного файла "Database.cpp")
  
C:\Users\DILSHOD\Desktop\рпс РЖ\3-лаб РЖ\rps33\rps33\Database.h(1,1): warning C4828: Файл содержит символ, начинающийся со смещения 0x278, который является недопустимым в текущей исходной кодировке (кодовая страница 65001).
  (компиляция исходного файла "Database.cpp")
  
C:\Users\DILSHOD\Desktop\рпс РЖ\3-лаб РЖ\rps33\rps33\Database.h(1,1): warning C4828: Файл содержит символ, начинающийся со смещения 0x27a, который является недопустимым в текущей исходной кодировке (кодовая страница 65001).
  (компиляция исходного файла "Database.cpp")
  
C:\Users\DILSHOD\Desktop\рпс РЖ\3-лаб РЖ\rps33\rps33\Database.h(1,1): warning C4828: Файл содержит символ, начинающийся со смещения 0x27d, который является недопустимым в текущей исходной кодировке (кодовая страница 65001).
  (компиляция исходного файла "Database.cpp")
  
C:\Users\DILSHOD\Desktop\рпс РЖ\3-лаб РЖ\rps33\rps33\Database.h(1,1): warning C4828: Файл содержит символ, начинающийся со смещения 0x281, который является недопустимым в текущей исходной кодировке (кодовая страница 65001).
  (компиляция исходного файла "Database.cpp")
  
C:\Users\DILSHOD\Desktop\рпс РЖ\3-лаб РЖ\rps33\rps33\Database.h(1,1): warning C4828: Файл содержит символ, начинающийся со смещения 0x284, который является недопустимым в текущей исходной кодировке (кодовая страница 65001).
  (компиляция исходного файла "Database.cpp")
  
C:\Users\DILSHOD\Desktop\рпс РЖ\3-лаб РЖ\rps33\rps33\Database.h(1,1): warning C4828: Файл содержит символ, начинающийся со смещения 0x288, который является недопустимым в текущей исходной кодировке (кодовая страница 65001).
  (компиляция исходного файла "Database.cpp")
  
C:\Users\DILSHOD\Desktop\рпс РЖ\3-лаб РЖ\rps33\rps33\Database.h(1,1): warning C4828: Файл содержит символ, начинающийся со смещения 0x3fa, который является недопустимым в текущей исходной кодировке (кодовая страница 65001).
  (компиляция исходного файла "Database.cpp")
  
C:\Users\DILSHOD\Desktop\рпс РЖ\3-лаб РЖ\rps33\rps33\Database.h(1,1): warning C4828: Файл содержит символ, начинающийся со смещения 0x3fc, который является недопустимым в текущей исходной кодировке (кодовая страница 65001).
  (компиляция исходного файла "Database.cpp")
  
C:\Users\DILSHOD\Desktop\рпс РЖ\3-лаб РЖ\rps33\rps33\Database.h(1,1): warning C4828: Файл содержит символ, начинающийся со смещения 0x400, который является недопустимым в текущей исходной кодировке (кодовая страница 65001).
  (компиляция исходного файла "Database.cpp")
  
C:\Users\DILSHOD\Desktop\рпс РЖ\3-лаб РЖ\rps33\rps33\Database.h(1,1): warning C4828: Файл содержит символ, начинающийся со смещения 0x403, который является недопустимым в текущей исходной кодировке (кодовая страница 65001).
  (компиляция исходного файла "Database.cpp")
  
C:\Users\DILSHOD\Desktop\рпс РЖ\3-лаб РЖ\rps33\rps33\Database.h(1,1): warning C4828: Файл содержит символ, начинающийся со смещения 0x406, который является недопустимым в текущей исходной кодировке (кодовая страница 65001).
  (компиляция исходного файла "Database.cpp")
  
C:\Users\DILSHOD\Desktop\рпс РЖ\3-лаб РЖ\rps33\rps33\Database.h(1,1): warning C4828: Файл содержит символ, начинающийся со смещения 0x409, который является недопустимым в текущей исходной кодировке (кодовая страница 65001).
  (компиляция исходного файла "Database.cpp")
  
C:\Users\DILSHOD\Desktop\рпс РЖ\3-лаб РЖ\rps33\rps33\Database.h(1,1): warning C4828: Файл содержит символ, начинающийся со смещения 0x40d, который является недопустимым в текущей исходной кодировке (кодовая страница 65001).
  (компиляция исходного файла "Database.cpp")
  
C:\Users\DILSHOD\Desktop\рпс РЖ\3-лаб РЖ\rps33\rps33\Database.h(1,1): warning C4828: Файл содержит символ, начинающийся со смещения 0x410, который является недопустимым в текущей исходной кодировке (кодовая страница 65001).
  (компиляция исходного файла "Database.cpp")
  
C:\Users\DILSHOD\Desktop\рпс РЖ\3-лаб РЖ\rps33\rps33\Database.h(1,1): warning C4828: Файл содержит символ, начинающийся со смещения 0x48c, который является недопустимым в текущей исходной кодировке (кодовая страница 65001).
  (компиляция исходного файла "Database.cpp")
  
C:\Users\DILSHOD\Desktop\рпс РЖ\3-лаб РЖ\rps33\rps33\Database.h(1,1): warning C4828: Файл содержит символ, начинающийся со смещения 0x48e, который является недопустимым в текущей исходной кодировке (кодовая страница 65001).
  (компиляция исходного файла "Database.cpp")
  
C:\Users\DILSHOD\Desktop\рпс РЖ\3-лаб РЖ\rps33\rps33\Database.h(1,1): warning C4828: Файл содержит символ, начинающийся со смещения 0x491, который является недопустимым в текущей исходной кодировке (кодовая страница 65001).
  (компиляция исходного файла "Database.cpp")
  
C:\Users\DILSHOD\Desktop\рпс РЖ\3-лаб РЖ\rps33\rps33\Database.h(1,1): warning C4828: Файл содержит символ, начинающийся со смещения 0x495, который является недопустимым в текущей исходной кодировке (кодовая страница 65001).
  (компиляция исходного файла "Database.cpp")
  
C:\Users\DILSHOD\Desktop\рпс РЖ\3-лаб РЖ\rps33\rps33\Database.h(1,1): warning C4828: Файл содержит символ, начинающийся со смещения 0x4d3, который является недопустимым в текущей исходной кодировке (кодовая страница 65001).
  (компиляция исходного файла "Database.cpp")
  
C:\Users\DILSHOD\Desktop\рпс РЖ\3-лаб РЖ\rps33\rps33\Database.h(1,1): warning C4828: Файл содержит символ, начинающийся со смещения 0x4d5, который является недопустимым в текущей исходной кодировке (кодовая страница 65001).
  (компиляция исходного файла "Database.cpp")
  
C:\Users\DILSHOD\Desktop\рпс РЖ\3-лаб РЖ\rps33\rps33\Database.h(1,1): warning C4828: Файл содержит символ, начинающийся со смещения 0x4d8, который является недопустимым в текущей исходной кодировке (кодовая страница 65001).
  (компиляция исходного файла "Database.cpp")
  
C:\Users\DILSHOD\Desktop\рпс РЖ\3-лаб РЖ\rps33\rps33\Database.h(1,1): warning C4828: Файл содержит символ, начинающийся со смещения 0x4db, который является недопустимым в текущей исходной кодировке (кодовая страница 65001).
  (компиляция исходного файла "Database.cpp")
  
C:\Users\DILSHOD\Desktop\рпс РЖ\3-лаб РЖ\rps33\rps33\Database.h(1,1): warning C4828: Файл содержит символ, начинающийся со смещения 0x4df, который является недопустимым в текущей исходной кодировке (кодовая страница 65001).
  (компиляция исходного файла "Database.cpp")
  
C:\Users\DILSHOD\Desktop\рпс РЖ\3-лаб РЖ\rps33\rps33\Database.h(1,1): warning C4828: Файл содержит символ, начинающийся со смещения 0x4e3, который является недопустимым в текущей исходной кодировке (кодовая страница 65001).
  (компиляция исходного файла "Database.cpp")
  
C:\Users\DILSHOD\Desktop\рпс РЖ\3-лаб РЖ\rps33\rps33\Database.h(1,1): warning C4828: Файл содержит символ, начинающийся со смещения 0x4e6, который является недопустимым в текущей исходной кодировке (кодовая страница 65001).
  (компиляция исходного файла "Database.cpp")
  
  main.cpp
C:\Users\DILSHOD\Desktop\рпс РЖ\3-лаб РЖ\rps33\rps33\Database.h(1,1): warning C4828: Файл содержит символ, начинающийся со смещения 0xa2, который является недопустимым в текущей исходной кодировке (кодовая страница 65001).
  (компиляция исходного файла "main.cpp")
  
C:\Users\DILSHOD\Desktop\рпс РЖ\3-лаб РЖ\rps33\rps33\Database.h(1,1): warning C4828: Файл содержит символ, начинающийся со смещения 0xa4, который является недопустимым в текущей исходной кодировке (кодовая страница 65001).
  (компиляция исходного файла "main.cpp")
  
C:\Users\DILSHOD\Desktop\рпс РЖ\3-лаб РЖ\rps33\rps33\Database.h(1,1): warning C4828: Файл содержит символ, начинающийся со смещения 0xa7, который является недопустимым в текущей исходной кодировке (кодовая страница 65001).
  (компиляция исходного файла "main.cpp")
  
C:\Users\DILSHOD\Desktop\рпс РЖ\3-лаб РЖ\rps33\rps33\Database.h(1,1): warning C4828: Файл содержит символ, начинающийся со смещения 0xab, который является недопустимым в текущей исходной кодировке (кодовая страница 65001).
  (компиляция исходного файла "main.cpp")
  
C:\Users\DILSHOD\Desktop\рпс РЖ\3-лаб РЖ\rps33\rps33\Database.h(1,1): warning C4828: Файл содержит символ, начинающийся со смещения 0x104, который является недопустимым в текущей исходной кодировке (кодовая страница 65001).
  (компиляция исходного файла "main.cpp")
  
C:\Users\DILSHOD\Desktop\рпс РЖ\3-лаб РЖ\rps33\rps33\Database.h(1,1): warning C4828: Файл содержит символ, начинающийся со смещения 0x106, который является недопустимым в текущей исходной кодировке (кодовая страница 65001).
  (компиляция исходного файла "main.cpp")
  
C:\Users\DILSHOD\Desktop\рпс РЖ\3-лаб РЖ\rps33\rps33\Database.h(1,1): warning C4828: Файл содержит символ, начинающийся со смещения 0x109, который является недопустимым в текущей исходной кодировке (кодовая страница 65001).
  (компиляция исходного файла "main.cpp")
  
C:\Users\DILSHOD\Desktop\рпс РЖ\3-лаб РЖ\rps33\rps33\Database.h(1,1): warning C4828: Файл содержит символ, начинающийся со смещения 0x10a, который является недопустимым в текущей исходной кодировке (кодовая страница 65001).
  (компиляция исходного файла "main.cpp")
  
C:\Users\DILSHOD\Desktop\рпс РЖ\3-лаб РЖ\rps33\rps33\Database.h(1,1): warning C4828: Файл содержит символ, начинающийся со смещения 0x10e, который является недопустимым в текущей исходной кодировке (кодовая страница 65001).
  (компиляция исходного файла "main.cpp")
  
C:\Users\DILSHOD\Desktop\рпс РЖ\3-лаб РЖ\rps33\rps33\Database.h(1,1): warning C4828: Файл содержит символ, начинающийся со смещения 0x112, который является недопустимым в текущей исходной кодировке (кодовая страница 65001).
  (компиляция исходного файла "main.cpp")
  
C:\Users\DILSHOD\Desktop\рпс РЖ\3-лаб РЖ\rps33\rps33\Database.h(1,1): warning C4828: Файл содержит символ, начинающийся со смещения 0x113, который является недопустимым в текущей исходной кодировке (кодовая страница 65001).
  (компиляция исходного файла "main.cpp")
  
C:\Users\DILSHOD\Desktop\рпс РЖ\3-лаб РЖ\rps33\rps33\Database.h(1,1): warning C4828: Файл содержит символ, начинающийся со смещения 0x15e, который является недопустимым в текущей исходной кодировке (кодовая страница 65001).
  (компиляция исходного файла "main.cpp")
  
C:\Users\DILSHOD\Desktop\рпс РЖ\3-лаб РЖ\rps33\rps33\Database.h(1,1): warning C4828: Файл содержит символ, начинающийся со смещения 0x160, который является недопустимым в текущей исходной кодировке (кодовая страница 65001).
  (компиляция исходного файла "main.cpp")
  
C:\Users\DILSHOD\Desktop\рпс РЖ\3-лаб РЖ\rps33\rps33\Database.h(1,1): warning C4828: Файл содержит символ, начинающийся со смещения 0x163, который является недопустимым в текущей исходной кодировке (кодовая страница 65001).
  (компиляция исходного файла "main.cpp")
  
C:\Users\DILSHOD\Desktop\рпс РЖ\3-лаб РЖ\rps33\rps33\Database.h(1,1): warning C4828: Файл содержит символ, начинающийся со смещения 0x167, который является недопустимым в текущей исходной кодировке (кодовая страница 65001).
  (компиляция исходного файла "main.cpp")
  
C:\Users\DILSHOD\Desktop\рпс РЖ\3-лаб РЖ\rps33\rps33\Database.h(1,1): warning C4828: Файл содержит символ, начинающийся со смещения 0x16b, который является недопустимым в текущей исходной кодировке (кодовая страница 65001).
  (компиляция исходного файла "main.cpp")
  
C:\Users\DILSHOD\Desktop\рпс РЖ\3-лаб РЖ\rps33\rps33\Database.h(1,1): warning C4828: Файл содержит символ, начинающийся со смещения 0x192, который является недопустимым в текущей исходной кодировке (кодовая страница 65001).
  (компиляция исходного файла "main.cpp")
  
C:\Users\DILSHOD\Desktop\рпс РЖ\3-лаб РЖ\rps33\rps33\Database.h(1,1): warning C4828: Файл содержит символ, начинающийся со смещения 0x194, который является недопустимым в текущей исходной кодировке (кодовая страница 65001).
  (компиляция исходного файла "main.cpp")
  
C:\Users\DILSHOD\Desktop\рпс РЖ\3-лаб РЖ\rps33\rps33\Database.h(1,1): warning C4828: Файл содержит символ, начинающийся со смещения 0x197, который является недопустимым в текущей исходной кодировке (кодовая страница 65001).
  (компиляция исходного файла "main.cpp")
  
C:\Users\DILSHOD\Desktop\рпс РЖ\3-лаб РЖ\rps33\rps33\Database.h(1,1): warning C4828: Файл содержит символ, начинающийся со смещения 0x19b, который является недопустимым в текущей исходной кодировке (кодовая страница 65001).
  (компиляция исходного файла "main.cpp")
  
C:\Users\DILSHOD\Desktop\рпс РЖ\3-лаб РЖ\rps33\rps33\Database.h(1,1): warning C4828: Файл содержит символ, начинающийся со смещения 0x19e, который является недопустимым в текущей исходной кодировке (кодовая страница 65001).
  (компиляция исходного файла "main.cpp")
  
C:\Users\DILSHOD\Desktop\рпс РЖ\3-лаб РЖ\rps33\rps33\Database.h(1,1): warning C4828: Файл содержит символ, начинающийся со смещения 0x19f, который является недопустимым в текущей исходной кодировке (кодовая страница 65001).
  (компиляция исходного файла "main.cpp")
  
C:\Users\DILSHOD\Desktop\рпс РЖ\3-лаб РЖ\rps33\rps33\Database.h(1,1): warning C4828: Файл содержит символ, начинающийся со смещения 0x1a2, который является недопустимым в текущей исходной кодировке (кодовая страница 65001).
  (компиляция исходного файла "main.cpp")
  
C:\Users\DILSHOD\Desktop\рпс РЖ\3-лаб РЖ\rps33\rps33\Database.h(1,1): warning C4828: Файл содержит символ, начинающийся со смещения 0x1a5, который является недопустимым в текущей исходной кодировке (кодовая страница 65001).
  (компиляция исходного файла "main.cpp")
  
C:\Users\DILSHOD\Desktop\рпс РЖ\3-лаб РЖ\rps33\rps33\Database.h(1,1): warning C4828: Файл содержит символ, начинающийся со смещения 0x1a8, который является недопустимым в текущей исходной кодировке (кодовая страница 65001).
  (компиляция исходного файла "main.cpp")
  
C:\Users\DILSHOD\Desktop\рпс РЖ\3-лаб РЖ\rps33\rps33\Database.h(1,1): warning C4828: Файл содержит символ, начинающийся со смещения 0x278, который является недопустимым в текущей исходной кодировке (кодовая страница 65001).
  (компиляция исходного файла "main.cpp")
  
C:\Users\DILSHOD\Desktop\рпс РЖ\3-лаб РЖ\rps33\rps33\Database.h(1,1): warning C4828: Файл содержит символ, начинающийся со смещения 0x27a, который является недопустимым в текущей исходной кодировке (кодовая страница 65001).
  (компиляция исходного файла "main.cpp")
  
C:\Users\DILSHOD\Desktop\рпс РЖ\3-лаб РЖ\rps33\rps33\Database.h(1,1): warning C4828: Файл содержит символ, начинающийся со смещения 0x27d, который является недопустимым в текущей исходной кодировке (кодовая страница 65001).
  (компиляция исходного файла "main.cpp")
  
C:\Users\DILSHOD\Desktop\рпс РЖ\3-лаб РЖ\rps33\rps33\Database.h(1,1): warning C4828: Файл содержит символ, начинающийся со смещения 0x281, который является недопустимым в текущей исходной кодировке (кодовая страница 65001).
  (компиляция исходного файла "main.cpp")
  
C:\Users\DILSHOD\Desktop\рпс РЖ\3-лаб РЖ\rps33\rps33\Database.h(1,1): warning C4828: Файл содержит символ, начинающийся со смещения 0x284, который является недопустимым в текущей исходной кодировке (кодовая страница 65001).
  (компиляция исходного файла "main.cpp")
  
C:\Users\DILSHOD\Desktop\рпс РЖ\3-лаб РЖ\rps33\rps33\Database.h(1,1): warning C4828: Файл содержит символ, начинающийся со смещения 0x288, который является недопустимым в текущей исходной кодировке (кодовая страница 65001).
  (компиляция исходного файла "main.cpp")
  
C:\Users\DILSHOD\Desktop\рпс РЖ\3-лаб РЖ\rps33\rps33\Database.h(1,1): warning C4828: Файл содержит символ, начинающийся со смещения 0x3fa, который является недопустимым в текущей исходной кодировке (кодовая страница 65001).
  (компиляция исходного файла "main.cpp")
  
C:\Users\DILSHOD\Desktop\рпс РЖ\3-лаб РЖ\rps33\rps33\Database.h(1,1): warning C4828: Файл содержит символ, начинающийся со смещения 0x3fc, который является недопустимым в текущей исходной кодировке (кодовая страница 65001).
  (компиляция исходного файла "main.cpp")
  
C:\Users\DILSHOD\Desktop\рпс РЖ\3-лаб РЖ\rps33\rps33\Database.h(1,1): warning C4828: Файл содержит символ, начинающийся со смещения 0x400, который является недопустимым в текущей исходной кодировке (кодовая страница 65001).
  (компиляция исходного файла "main.cpp")
  
C:\Users\DILSHOD\Desktop\рпс РЖ\3-лаб РЖ\rps33\rps33\Database.h(1,1): warning C4828: Файл содержит символ, начинающийся со смещения 0x403, который является недопустимым в текущей исходной кодировке (кодовая страница 65001).
  (компиляция исходного файла "main.cpp")
  
C:\Users\DILSHOD\Desktop\рпс РЖ\3-лаб РЖ\rps33\rps33\Database.h(1,1): warning C4828: Файл содержит символ, начинающийся со смещения 0x406, который является недопустимым в текущей исходной кодировке (кодовая страница 65001).
  (компиляция исходного файла "main.cpp")
  
C:\Users\DILSHOD\Desktop\рпс РЖ\3-лаб РЖ\rps33\rps33\Database.h(1,1): warning C4828: Файл содержит символ, начинающийся со смещения 0x409, который является недопустимым в текущей исходной кодировке (кодовая страница 65001).
  (компиляция исходного файла "main.cpp")
  
C:\Users\DILSHOD\Desktop\рпс РЖ\3-лаб РЖ\rps33\rps33\Database.h(1,1): warning C4828: Файл содержит символ, начинающийся со смещения 0x40d, который является недопустимым в текущей исходной кодировке (кодовая страница 65001).
  (компиляция исходного файла "main.cpp")
  
C:\Users\DILSHOD\Desktop\рпс РЖ\3-лаб РЖ\rps33\rps33\Database.h(1,1): warning C4828: Файл содержит символ, начинающийся со смещения 0x410, который является недопустимым в текущей исходной кодировке (кодовая страница 65001).
  (компиляция исходного файла "main.cpp")
  
C:\Users\DILSHOD\Desktop\рпс РЖ\3-лаб РЖ\rps33\rps33\Database.h(1,1): warning C4828: Файл содержит символ, начинающийся со смещения 0x48c, который является недопустимым в текущей исходной кодировке (кодовая страница 65001).
  (компиляция исходного файла "main.cpp")
  
C:\Users\DILSHOD\Desktop\рпс РЖ\3-лаб РЖ\rps33\rps33\Database.h(1,1): warning C4828: Файл содержит символ, начинающийся со смещения 0x48e, который является недопустимым в текущей исходной кодировке (кодовая страница 65001).
  (компиляция исходного файла "main.cpp")
  
C:\Users\DILSHOD\Desktop\рпс РЖ\3-лаб РЖ\rps33\rps33\Database.h(1,1): warning C4828: Файл содержит символ, начинающийся со смещения 0x491, который является недопустимым в текущей исходной кодировке (кодовая страница 65001).
  (компиляция исходного файла "main.cpp")
  
C:\Users\DILSHOD\Desktop\рпс РЖ\3-лаб РЖ\rps33\rps33\Database.h(1,1): warning C4828: Файл содержит символ, начинающийся со смещения 0x495, который является недопустимым в текущей исходной кодировке (кодовая страница 65001).
  (компиляция исходного файла "main.cpp")
  
C:\Users\DILSHOD\Desktop\рпс РЖ\3-лаб РЖ\rps33\rps33\Database.h(1,1): warning C4828: Файл содержит символ, начинающийся со смещения 0x4d3, который является недопустимым в текущей исходной кодировке (кодовая страница 65001).
  (компиляция исходного файла "main.cpp")
  
C:\Users\DILSHOD\Desktop\рпс РЖ\3-лаб РЖ\rps33\rps33\Database.h(1,1): warning C4828: Файл содержит символ, начинающийся со смещения 0x4d5, который является недопустимым в текущей исходной кодировке (кодовая страница 65001).
  (компиляция исходного файла "main.cpp")
  
C:\Users\DILSHOD\Desktop\рпс РЖ\3-лаб РЖ\rps33\rps33\Database.h(1,1): warning C4828: Файл содержит символ, начинающийся со смещения 0x4d8, который является недопустимым в текущей исходной кодировке (кодовая страница 65001).
  (компиляция исходного файла "main.cpp")
  
C:\Users\DILSHOD\Desktop\рпс РЖ\3-лаб РЖ\rps33\rps33\Database.h(1,1): warning C4828: Файл содержит символ, начинающийся со смещения 0x4db, который является недопустимым в текущей исходной кодировке (кодовая страница 65001).
  (компиляция исходного файла "main.cpp")
  
C:\Users\DILSHOD\Desktop\рпс РЖ\3-лаб РЖ\rps33\rps33\Database.h(1,1): warning C4828: Файл содержит символ, начинающийся со смещения 0x4df, который является недопустимым в текущей исходной кодировке (кодовая страница 65001).
  (компиляция исходного файла "main.cpp")
  
C:\Users\DILSHOD\Desktop\рпс РЖ\3-лаб РЖ\rps33\rps33\Database.h(1,1): warning C4828: Файл содержит символ, начинающийся со смещения 0x4e3, который является недопустимым в текущей исходной кодировке (кодовая страница 65001).
  (компиляция исходного файла "main.cpp")
  
C:\Users\DILSHOD\Desktop\рпс РЖ\3-лаб РЖ\rps33\rps33\Database.h(1,1): warning C4828: Файл содержит символ, начинающийся со смещения 0x4e6, который является недопустимым в текущей исходной кодировке (кодовая страница 65001).
  (компиляция исходного файла "main.cpp")
  
  ShakerSort.cpp
  .NETFramework,Version=v4.8.AssemblyAttributes.cpp
  Создание кода...
  Database.obj : обнаружен модуль MSIL; для MSIL последовательная компоновка отключена; выполняется полная компоновка
Database.obj : warning LNK4248: неразрешенная лексема TypeRef (0100001A) для "sqlite3_stmt"; образ нельзя запустить
Database.obj : warning LNK4248: неразрешенная лексема TypeRef (0100001D) для "sqlite3"; образ нельзя запустить
  rps33.vcxproj -> C:\Users\DILSHOD\Desktop\рпс РЖ\3-лаб РЖ\rps33\x64\Debug\rps33.exe
